<?xml version="1.0" encoding="UTF-8"?>
<!-- Generated by org.testng.reporters.JUnitReportReporter -->
<testsuite skipped="0" hostname="DESKTOP-J08TL4P" name="MainNabiz.NabizFramework.ProfilKaynaklariDuzenle" tests="1" failures="0" timestamp="14 Oca 2021 21:09:39 GMT" time="39.910" errors="0">
  <testcase name="kaynaklari_Duzenle" time="39.910" classname="MainNabiz.NabizFramework.ProfilKaynaklariDuzenle"/>
</testsuite> <!-- MainNabiz.NabizFramework.ProfilKaynaklariDuzenle -->
