<?xml version="1.0" encoding="UTF-8"?>
<!-- Generated by org.testng.reporters.JUnitReportReporter -->
<testsuite skipped="1" hostname="DESKTOP-J08TL4P" name="MainNabiz.NabizFramework.BaslıkBoyutuAyarla" tests="1" failures="0" timestamp="19 Jan 2021 01:53:08 GMT" time="0.000" errors="0">
  <testcase name="baslik_boyutu_ayarla" time="0.000" classname="MainNabiz.NabizFramework.BaslıkBoyutuAyarla">
    <skipped/>
  </testcase> <!-- baslik_boyutu_ayarla -->
</testsuite> <!-- MainNabiz.NabizFramework.BaslıkBoyutuAyarla -->
