<?xml version="1.0" encoding="UTF-8"?>
<!-- Generated by org.testng.reporters.JUnitReportReporter -->
<testsuite skipped="0" hostname="DESKTOP-J08TL4P" name="MainNabiz.NabizFramework.LogIn" tests="1" failures="0" timestamp="04 Oca 2021 21:37:02 GMT" time="34.132" errors="0">
  <testcase name="login" time="34.132" classname="MainNabiz.NabizFramework.LogIn"/>
</testsuite> <!-- MainNabiz.NabizFramework.LogIn -->
