<?xml version="1.0" encoding="UTF-8"?>
<!-- Generated by org.testng.reporters.JUnitReportReporter -->
<testsuite skipped="0" hostname="DESKTOP-J08TL4P" name="MainNabiz.NabizFramework.Profil" tests="1" failures="0" timestamp="14 Oca 2021 20:00:28 GMT" time="20.414" errors="0">
  <testcase name="kaynaklari_Duzenle" time="20.414" classname="MainNabiz.NabizFramework.Profil"/>
</testsuite> <!-- MainNabiz.NabizFramework.Profil -->
