<?xml version="1.0" encoding="UTF-8"?>
<!-- Generated by org.testng.reporters.JUnitReportReporter -->
<testsuite skipped="0" hostname="DESKTOP-J08TL4P" name="MainNabiz.NabizFramework.FacebookGiris" tests="1" failures="0" timestamp="04 Oca 2021 22:02:13 GMT" time="34.139" errors="0">
  <testcase name="facebooka_gir" time="34.139" classname="MainNabiz.NabizFramework.FacebookGiris"/>
</testsuite> <!-- MainNabiz.NabizFramework.FacebookGiris -->
