<?xml version="1.0" encoding="UTF-8"?>
<!-- Generated by org.testng.reporters.JUnitReportReporter -->
<testsuite skipped="0" hostname="DESKTOP-J08TL4P" name="MainNabiz.NabizFramework.GirisYapGoogle" tests="1" failures="0" timestamp="19 Jan 2021 03:34:46 GMT" time="36.992" errors="0">
  <testcase name="google_ile_Gir" time="36.992" classname="MainNabiz.NabizFramework.GirisYapGoogle"/>
</testsuite> <!-- MainNabiz.NabizFramework.GirisYapGoogle -->
