<?xml version="1.0" encoding="UTF-8"?>
<!-- Generated by org.testng.reporters.JUnitReportReporter -->
<testsuite skipped="0" hostname="DESKTOP-J08TL4P" name="MainNabiz.NabizFramework.YorumEkleSil" tests="1" failures="0" timestamp="19 Jan 2021 03:34:46 GMT" time="41.543" errors="0">
  <testcase name="yorum_ekle_sil" time="41.543" classname="MainNabiz.NabizFramework.YorumEkleSil"/>
</testsuite> <!-- MainNabiz.NabizFramework.YorumEkleSil -->
