<?xml version="1.0" encoding="UTF-8"?>
<!-- Generated by org.testng.reporters.JUnitReportReporter -->
<testsuite skipped="0" hostname="DESKTOP-J08TL4P" name="MainNabiz.NabizFramework.AramaYapma" tests="1" failures="0" timestamp="19 Jan 2021 03:34:46 GMT" time="30.852" errors="0">
  <testcase name="arama_yap" time="30.852" classname="MainNabiz.NabizFramework.AramaYapma"/>
</testsuite> <!-- MainNabiz.NabizFramework.AramaYapma -->
