<?xml version="1.0" encoding="UTF-8"?>
<!-- Generated by org.testng.reporters.JUnitReportReporter -->
<testsuite skipped="0" hostname="DESKTOP-J08TL4P" name="MainNabiz.NabizFramework.ProfilKaynakEkle" tests="1" failures="0" timestamp="19 Jan 2021 03:34:46 GMT" time="33.905" errors="0">
  <testcase name="kaynaklari_Duzenle" time="33.905" classname="MainNabiz.NabizFramework.ProfilKaynakEkle"/>
</testsuite> <!-- MainNabiz.NabizFramework.ProfilKaynakEkle -->
