<?xml version="1.0" encoding="UTF-8"?>
<!-- Generated by org.testng.reporters.JUnitReportReporter -->
<testsuite skipped="0" hostname="DESKTOP-J08TL4P" name="MainNabiz.NabizFramework.GirisYapStandartGiris" tests="1" failures="0" timestamp="19 Jan 2021 03:34:46 GMT" time="44.738" errors="0">
  <testcase name="standart_giris" time="44.738" classname="MainNabiz.NabizFramework.GirisYapStandartGiris"/>
</testsuite> <!-- MainNabiz.NabizFramework.GirisYapStandartGiris -->
