<?xml version="1.0" encoding="UTF-8"?>
<!-- Generated by org.testng.reporters.JUnitReportReporter -->
<testsuite skipped="0" hostname="DESKTOP-J08TL4P" name="MainNabiz.NabizFramework.FavoriHaberCikar" tests="1" failures="0" timestamp="19 Jan 2021 03:34:46 GMT" time="29.120" errors="0">
  <testcase name="favorilerden_cikar" time="29.120" classname="MainNabiz.NabizFramework.FavoriHaberCikar"/>
</testsuite> <!-- MainNabiz.NabizFramework.FavoriHaberCikar -->
