<?xml version="1.0" encoding="UTF-8"?>
<!-- Generated by org.testng.reporters.JUnitReportReporter -->
<testsuite skipped="0" hostname="DESKTOP-J08TL4P" name="MainNabiz.NabizFramework.FacebookSayfamiz" tests="1" failures="0" timestamp="19 Jan 2021 03:34:46 GMT" time="33.562" errors="0">
  <testcase name="facebook_sayfasi" time="33.562" classname="MainNabiz.NabizFramework.FacebookSayfamiz"/>
</testsuite> <!-- MainNabiz.NabizFramework.FacebookSayfamiz -->
