<?xml version="1.0" encoding="UTF-8"?>
<!-- Generated by org.testng.reporters.JUnitReportReporter -->
<testsuite skipped="0" hostname="DESKTOP-J08TL4P" name="MainNabiz.NabizFramework.FavoriHaberEkle" tests="1" failures="0" timestamp="19 Jan 2021 03:34:46 GMT" time="35.382" errors="0">
  <testcase name="favorilere_ekle" time="35.382" classname="MainNabiz.NabizFramework.FavoriHaberEkle"/>
</testsuite> <!-- MainNabiz.NabizFramework.FavoriHaberEkle -->
