<?xml version="1.0" encoding="UTF-8"?>
<!-- Generated by org.testng.reporters.JUnitReportReporter -->
<testsuite skipped="0" hostname="DESKTOP-J08TL4P" name="MainNabiz.NabizFramework.GirisYapYanlisMail" tests="1" failures="0" timestamp="19 Jan 2021 03:34:46 GMT" time="34.866" errors="0">
  <testcase name="yanlis_mail" time="34.866" classname="MainNabiz.NabizFramework.GirisYapYanlisMail"/>
</testsuite> <!-- MainNabiz.NabizFramework.GirisYapYanlisMail -->
