<?xml version="1.0" encoding="UTF-8"?>
<!-- Generated by org.testng.reporters.JUnitReportReporter -->
<testsuite skipped="0" hostname="DESKTOP-J08TL4P" name="MainNabiz.NabizFramework.NabizDergileriKontrol" tests="1" failures="0" timestamp="19 Jan 2021 03:34:46 GMT" time="31.579" errors="0">
  <testcase name="nabiz_dergileri_kontrol_et" time="31.579" classname="MainNabiz.NabizFramework.NabizDergileriKontrol"/>
</testsuite> <!-- MainNabiz.NabizFramework.NabizDergileriKontrol -->
