<?xml version="1.0" encoding="UTF-8"?>
<!-- Generated by org.testng.reporters.JUnitReportReporter -->
<testsuite skipped="0" hostname="DESKTOP-J08TL4P" name="MainNabiz.NabizFramework.ProfilKaynakCikar" tests="1" failures="0" timestamp="19 Jan 2021 03:34:46 GMT" time="35.460" errors="0">
  <testcase name="kaynaklari_Duzenle" time="35.460" classname="MainNabiz.NabizFramework.ProfilKaynakCikar"/>
</testsuite> <!-- MainNabiz.NabizFramework.ProfilKaynakCikar -->
