<?xml version="1.0" encoding="UTF-8"?>
<!-- Generated by org.testng.reporters.JUnitReportReporter -->
<testsuite skipped="0" hostname="DESKTOP-J08TL4P" name="MainNabiz.NabizFramework.GirisYapDusukKarakterliSifre" tests="1" failures="0" timestamp="19 Jan 2021 03:34:46 GMT" time="31.678" errors="0">
  <testcase name="dusuk_karakterli_sifre" time="31.678" classname="MainNabiz.NabizFramework.GirisYapDusukKarakterliSifre"/>
</testsuite> <!-- MainNabiz.NabizFramework.GirisYapDusukKarakterliSifre -->
