<?xml version="1.0" encoding="UTF-8"?>
<!-- Generated by org.testng.reporters.JUnitReportReporter -->
<testsuite skipped="0" hostname="DESKTOP-J08TL4P" name="MainNabiz.NabizFramework.BaslıkBoyutuAyarla" tests="1" failures="0" timestamp="19 Jan 2021 03:34:46 GMT" time="23.526" errors="0">
  <testcase name="baslik_boyutu_ayarla" time="23.526" classname="MainNabiz.NabizFramework.BaslıkBoyutuAyarla"/>
</testsuite> <!-- MainNabiz.NabizFramework.BaslıkBoyutuAyarla -->
