<?xml version="1.0" encoding="UTF-8"?>
<!-- Generated by org.testng.reporters.JUnitReportReporter -->
<testsuite skipped="0" hostname="DESKTOP-J08TL4P" name="MainNabiz.NabizFramework.GirisYapNoInput" tests="1" failures="0" timestamp="19 Jan 2021 03:34:46 GMT" time="25.585" errors="0">
  <testcase name="no_input_Giris" time="25.585" classname="MainNabiz.NabizFramework.GirisYapNoInput"/>
</testsuite> <!-- MainNabiz.NabizFramework.GirisYapNoInput -->
